mktextfm futr8t+20
mktextfm futr8t-20
mktextfm futr8t+20
mktextfm futr8t-20
mktextfm futr8t+20
mktextfm futr8t-20
mktextfm futb8t+20
mktextfm futb8t-20
mktextfm futb8t+20
mktextfm futb8t-20
mktextfm futr8t+20
mktextfm futr8t-20
mktextfm futb8t+20
mktextfm futb8t-20
mktextfm futr8t+20
mktextfm futr8t-20
mktextfm futr8t+20
mktextfm futr8t-20
mktextfm futb8t+20
mktextfm futb8t-20
mktextfm futb8t+20
mktextfm futb8t-20
mktextfm futr8t+20
mktextfm futr8t-20
mktextfm futr8t+20
mktextfm futr8t-20
mktextfm futr8t+20
mktextfm futr8t-20
mktextfm futb8t+20
mktextfm futb8t-20
mktextfm futri8t+20
mktextfm futri8t-20
