chktex exit: 0
Rc files read:
  /usr/local/share/latexmk/LatexMk
Latexmk: This is Latexmk, John Collins, 27 Dec. 2024. Version 4.86a.
Latexmk: Changing directory to '/compile/'
Force *latex to be remade.
------------
Running 'internal overleaf_pre_process "main.tex" "output.pdf"'
------------
Latexmk: calling overleaf_pre_process( "main.tex" "output.pdf" )
Latexmk: applying rule 'latex'...
Rule 'latex':  Reasons for rerun
Category 'other':
  Rerun of 'latex' forced or previously required:
    Reason or flag: 'go_mode=3'

------------
Run number 1 of rule 'latex'
------------
------------
Running 'latex  -synctex=1 -interaction=batchmode -recorder --jobname="output"  "main.tex"'
------------
This is pdfTeX, Version 3.141592653-2.6-1.40.27 (TeX Live 2025) (preloaded format=latex)
 \write18 enabled.
entering extended mode
Latexmk: Getting log file 'output.log'
Latexmk: Examining 'output.fls'
Latexmk: Examining 'output.log'
Latexmk: Found input bbl file 'output.bbl'
Latexmk: Log file says output to 'output.dvi'
Latexmk: Bibliography file(s) from .bcf file:
  bibliografia.bib
Latexmk: applying rule 'dvipdf'...
Rule 'dvipdf':  Reasons for rerun
Changed files or newly in use/created:
  output.dvi
Category 'changed_source_rules':
  latex

------------
Run number 1 of rule 'dvipdf'
------------
------------
Running 'dvipdf -dALLOWPSTRANSPARENCY  "output.dvi" "output.pdf"'
------------
Latexmk: Errors, in force_mode: so I tried finishing targets
------------
Running 'internal overleaf_post_process "main.tex" "output.pdf"'
------------
Latexmk: calling overleaf_post_process( "main.tex" "output.pdf" )
qpdf exit code=0
Renaming optimised file to output.pdf
Extracting xref table for output.pdf
qpdf --show-xref exit code=0
Collected error summary (may duplicate other messages):
  dvipdf: Command for 'dvipdf' gave return code 256
  latex: Command for 'latex' gave return code 1
      Refer to 'output.log' and/or above output for details
Latexmk: Undoing directory change
'latex': time = 28.58
'dvipdf': time = 0.21
Processing time = 28.89, of which invoked processes = 28.79, other = 0.10.
Elapsed clock time = 29.09.
Number of rules run = 2

